<?xml version="1.0" encoding="UTF-8"?>
<testsuite xmlns:xsi="http://www.w3.org/2001/XMLSchema-instance" xsi:noNamespaceSchemaLocation="https://maven.apache.org/surefire/maven-surefire-plugin/xsd/surefire-test-report-3.0.xsd" version="3.0" name="com.mycompany.proyecto2_progra2.data.ClienteDataTest" time="0.347" tests="1" errors="0" skipped="0" failures="0">
  <properties>
    <property name="java.specification.version" value="22"/>
    <property name="sun.cpu.isalist" value="amd64"/>
    <property name="sun.jnu.encoding" value="Cp1252"/>
    <property name="java.class.path" value="C:\Repositorios\Proyecto2-Programaci贸n2\TallerMecanico-Proyecto2\target\test-classes;C:\Repositorios\Proyecto2-Programaci贸n2\TallerMecanico-Proyecto2\target\classes;C:\Users\luiss\.m2\repository\jakarta\platform\jakarta.jakartaee-api\11.0.0-M1\jakarta.jakartaee-api-11.0.0-M1.jar;C:\Users\luiss\.m2\repository\jakarta\platform\jakarta.jakartaee-web-api\11.0.0-M1\jakarta.jakartaee-web-api-11.0.0-M1.jar;C:\Users\luiss\.m2\repository\jakarta\servlet\jakarta.servlet-api\6.1.0-M1\jakarta.servlet-api-6.1.0-M1.jar;C:\Users\luiss\.m2\repository\jakarta\servlet\jsp\jakarta.servlet.jsp-api\4.0.0-M1\jakarta.servlet.jsp-api-4.0.0-M1.jar;C:\Users\luiss\.m2\repository\jakarta\data\jakarta-data-api\1.0.0-M1\jakarta-data-api-1.0.0-M1.jar;C:\Users\luiss\.m2\repository\jakarta\enterprise\jakarta.enterprise.cdi-el-api\4.1.0-M1\jakarta.enterprise.cdi-el-api-4.1.0-M1.jar;C:\Users\luiss\.m2\repository\jakarta\el\jakarta.el-api\6.0.0-M1\jakarta.el-api-6.0.0-M1.jar;C:\Users\luiss\.m2\repository\jakarta\servlet\jsp\jstl\jakarta.servlet.jsp.jstl-api\3.0.0\jakarta.servlet.jsp.jstl-api-3.0.0.jar;C:\Users\luiss\.m2\repository\jakarta\faces\jakarta.faces-api\4.1.0-M1\jakarta.faces-api-4.1.0-M1.jar;C:\Users\luiss\.m2\repository\jakarta\websocket\jakarta.websocket-api\2.2.0-M1\jakarta.websocket-api-2.2.0-M1.jar;C:\Users\luiss\.m2\repository\jakarta\websocket\jakarta.websocket-client-api\2.2.0-M1\jakarta.websocket-client-api-2.2.0-M1.jar;C:\Users\luiss\.m2\repository\jakarta\ejb\jakarta.ejb-api\4.0.1\jakarta.ejb-api-4.0.1.jar;C:\Users\luiss\.m2\repository\jakarta\transaction\jakarta.transaction-api\2.0.1\jakarta.transaction-api-2.0.1.jar;C:\Users\luiss\.m2\repository\jakarta\persistence\jakarta.persistence-api\3.2.0-M1\jakarta.persistence-api-3.2.0-M1.jar;C:\Users\luiss\.m2\repository\jakarta\validation\jakarta.validation-api\3.1.0-M1\jakarta.validation-api-3.1.0-M1.jar;C:\Users\luiss\.m2\repository\jakarta\authentication\jakarta.authentication-api\3.1.0-M1\jakarta.authentication-api-3.1.0-M1.jar;C:\Users\luiss\.m2\repository\jakarta\security\enterprise\jakarta.security.enterprise-api\4.0.0-M1\jakarta.security.enterprise-api-4.0.0-M1.jar;C:\Users\luiss\.m2\repository\jakarta\enterprise\concurrent\jakarta.enterprise.concurrent-api\3.1.0-M1\jakarta.enterprise.concurrent-api-3.1.0-M1.jar;C:\Users\luiss\.m2\repository\jakarta\platform\jakarta.jakartaee-core-api\11.0.0-M1\jakarta.jakartaee-core-api-11.0.0-M1.jar;C:\Users\luiss\.m2\repository\jakarta\ws\rs\jakarta.ws.rs-api\3.1.0\jakarta.ws.rs-api-3.1.0.jar;C:\Users\luiss\.m2\repository\jakarta\json\jakarta.json-api\2.1.0\jakarta.json-api-2.1.0.jar;C:\Users\luiss\.m2\repository\jakarta\json\bind\jakarta.json.bind-api\3.0.0\jakarta.json.bind-api-3.0.0.jar;C:\Users\luiss\.m2\repository\jakarta\annotation\jakarta.annotation-api\3.0.0-M1\jakarta.annotation-api-3.0.0-M1.jar;C:\Users\luiss\.m2\repository\jakarta\interceptor\jakarta.interceptor-api\2.2.0-M1\jakarta.interceptor-api-2.2.0-M1.jar;C:\Users\luiss\.m2\repository\jakarta\enterprise\jakarta.enterprise.cdi-api\4.1.0-M1\jakarta.enterprise.cdi-api-4.1.0-M1.jar;C:\Users\luiss\.m2\repository\jakarta\inject\jakarta.inject-api\2.0.1\jakarta.inject-api-2.0.1.jar;C:\Users\luiss\.m2\repository\jakarta\enterprise\jakarta.enterprise.lang-model\4.1.0-M1\jakarta.enterprise.lang-model-4.1.0-M1.jar;C:\Users\luiss\.m2\repository\jakarta\jms\jakarta.jms-api\3.1.0\jakarta.jms-api-3.1.0.jar;C:\Users\luiss\.m2\repository\jakarta\activation\jakarta.activation-api\2.1.2\jakarta.activation-api-2.1.2.jar;C:\Users\luiss\.m2\repository\jakarta\mail\jakarta.mail-api\2.1.2\jakarta.mail-api-2.1.2.jar;C:\Users\luiss\.m2\repository\jakarta\resource\jakarta.resource-api\2.1.0\jakarta.resource-api-2.1.0.jar;C:\Users\luiss\.m2\repository\jakarta\authorization\jakarta.authorization-api\3.0.0-M1\jakarta.authorization-api-3.0.0-M1.jar;C:\Users\luiss\.m2\repository\jakarta\batch\jakarta.batch-api\2.1.1\jakarta.batch-api-2.1.1.jar;C:\Users\luiss\.m2\repository\org\jdom\jdom2\2.0.6\jdom2-2.0.6.jar;C:\Users\luiss\.m2\repository\org\junit\jupiter\junit-jupiter-api\5.10.2\junit-jupiter-api-5.10.2.jar;C:\Users\luiss\.m2\repository\org\opentest4j\opentest4j\1.3.0\opentest4j-1.3.0.jar;C:\Users\luiss\.m2\repository\org\junit\platform\junit-platform-commons\1.10.2\junit-platform-commons-1.10.2.jar;C:\Users\luiss\.m2\repository\org\apiguardian\apiguardian-api\1.1.2\apiguardian-api-1.1.2.jar;C:\Users\luiss\.m2\repository\org\junit\jupiter\junit-jupiter-params\5.10.2\junit-jupiter-params-5.10.2.jar;C:\Users\luiss\.m2\repository\org\junit\jupiter\junit-jupiter-engine\5.10.2\junit-jupiter-engine-5.10.2.jar;C:\Users\luiss\.m2\repository\org\junit\platform\junit-platform-engine\1.10.2\junit-platform-engine-1.10.2.jar;"/>
    <property name="java.vm.vendor" value="Oracle Corporation"/>
    <property name="sun.arch.data.model" value="64"/>
    <property name="user.variant" value=""/>
    <property name="java.vendor.url" value="https://java.oracle.com/"/>
    <property name="user.timezone" value="America/Guatemala"/>
    <property name="os.name" value="Windows 11"/>
    <property name="java.vm.specification.version" value="22"/>
    <property name="user.country" value="ES"/>
    <property name="sun.java.launcher" value="SUN_STANDARD"/>
    <property name="sun.boot.library.path" value="C:\Program Files\Java\jdk-22\bin"/>
    <property name="sun.java.command" value="C:\Users\luiss\AppData\Local\Temp\surefire4230118584920765231\surefirebooter-20250617160006148_3.jar C:\Users\luiss\AppData\Local\Temp\surefire4230118584920765231 2025-06-17T16-00-05_886-jvmRun1 surefire-20250617160006148_1tmp surefire_0-20250617160006148_2tmp"/>
    <property name="jdk.debug" value="release"/>
    <property name="test" value="com.mycompany.proyecto2_progra2.data.ClienteDataTest#insertar_Cliente"/>
    <property name="surefire.test.class.path" value="C:\Repositorios\Proyecto2-Programaci贸n2\TallerMecanico-Proyecto2\target\test-classes;C:\Repositorios\Proyecto2-Programaci贸n2\TallerMecanico-Proyecto2\target\classes;C:\Users\luiss\.m2\repository\jakarta\platform\jakarta.jakartaee-api\11.0.0-M1\jakarta.jakartaee-api-11.0.0-M1.jar;C:\Users\luiss\.m2\repository\jakarta\platform\jakarta.jakartaee-web-api\11.0.0-M1\jakarta.jakartaee-web-api-11.0.0-M1.jar;C:\Users\luiss\.m2\repository\jakarta\servlet\jakarta.servlet-api\6.1.0-M1\jakarta.servlet-api-6.1.0-M1.jar;C:\Users\luiss\.m2\repository\jakarta\servlet\jsp\jakarta.servlet.jsp-api\4.0.0-M1\jakarta.servlet.jsp-api-4.0.0-M1.jar;C:\Users\luiss\.m2\repository\jakarta\data\jakarta-data-api\1.0.0-M1\jakarta-data-api-1.0.0-M1.jar;C:\Users\luiss\.m2\repository\jakarta\enterprise\jakarta.enterprise.cdi-el-api\4.1.0-M1\jakarta.enterprise.cdi-el-api-4.1.0-M1.jar;C:\Users\luiss\.m2\repository\jakarta\el\jakarta.el-api\6.0.0-M1\jakarta.el-api-6.0.0-M1.jar;C:\Users\luiss\.m2\repository\jakarta\servlet\jsp\jstl\jakarta.servlet.jsp.jstl-api\3.0.0\jakarta.servlet.jsp.jstl-api-3.0.0.jar;C:\Users\luiss\.m2\repository\jakarta\faces\jakarta.faces-api\4.1.0-M1\jakarta.faces-api-4.1.0-M1.jar;C:\Users\luiss\.m2\repository\jakarta\websocket\jakarta.websocket-api\2.2.0-M1\jakarta.websocket-api-2.2.0-M1.jar;C:\Users\luiss\.m2\repository\jakarta\websocket\jakarta.websocket-client-api\2.2.0-M1\jakarta.websocket-client-api-2.2.0-M1.jar;C:\Users\luiss\.m2\repository\jakarta\ejb\jakarta.ejb-api\4.0.1\jakarta.ejb-api-4.0.1.jar;C:\Users\luiss\.m2\repository\jakarta\transaction\jakarta.transaction-api\2.0.1\jakarta.transaction-api-2.0.1.jar;C:\Users\luiss\.m2\repository\jakarta\persistence\jakarta.persistence-api\3.2.0-M1\jakarta.persistence-api-3.2.0-M1.jar;C:\Users\luiss\.m2\repository\jakarta\validation\jakarta.validation-api\3.1.0-M1\jakarta.validation-api-3.1.0-M1.jar;C:\Users\luiss\.m2\repository\jakarta\authentication\jakarta.authentication-api\3.1.0-M1\jakarta.authentication-api-3.1.0-M1.jar;C:\Users\luiss\.m2\repository\jakarta\security\enterprise\jakarta.security.enterprise-api\4.0.0-M1\jakarta.security.enterprise-api-4.0.0-M1.jar;C:\Users\luiss\.m2\repository\jakarta\enterprise\concurrent\jakarta.enterprise.concurrent-api\3.1.0-M1\jakarta.enterprise.concurrent-api-3.1.0-M1.jar;C:\Users\luiss\.m2\repository\jakarta\platform\jakarta.jakartaee-core-api\11.0.0-M1\jakarta.jakartaee-core-api-11.0.0-M1.jar;C:\Users\luiss\.m2\repository\jakarta\ws\rs\jakarta.ws.rs-api\3.1.0\jakarta.ws.rs-api-3.1.0.jar;C:\Users\luiss\.m2\repository\jakarta\json\jakarta.json-api\2.1.0\jakarta.json-api-2.1.0.jar;C:\Users\luiss\.m2\repository\jakarta\json\bind\jakarta.json.bind-api\3.0.0\jakarta.json.bind-api-3.0.0.jar;C:\Users\luiss\.m2\repository\jakarta\annotation\jakarta.annotation-api\3.0.0-M1\jakarta.annotation-api-3.0.0-M1.jar;C:\Users\luiss\.m2\repository\jakarta\interceptor\jakarta.interceptor-api\2.2.0-M1\jakarta.interceptor-api-2.2.0-M1.jar;C:\Users\luiss\.m2\repository\jakarta\enterprise\jakarta.enterprise.cdi-api\4.1.0-M1\jakarta.enterprise.cdi-api-4.1.0-M1.jar;C:\Users\luiss\.m2\repository\jakarta\inject\jakarta.inject-api\2.0.1\jakarta.inject-api-2.0.1.jar;C:\Users\luiss\.m2\repository\jakarta\enterprise\jakarta.enterprise.lang-model\4.1.0-M1\jakarta.enterprise.lang-model-4.1.0-M1.jar;C:\Users\luiss\.m2\repository\jakarta\jms\jakarta.jms-api\3.1.0\jakarta.jms-api-3.1.0.jar;C:\Users\luiss\.m2\repository\jakarta\activation\jakarta.activation-api\2.1.2\jakarta.activation-api-2.1.2.jar;C:\Users\luiss\.m2\repository\jakarta\mail\jakarta.mail-api\2.1.2\jakarta.mail-api-2.1.2.jar;C:\Users\luiss\.m2\repository\jakarta\resource\jakarta.resource-api\2.1.0\jakarta.resource-api-2.1.0.jar;C:\Users\luiss\.m2\repository\jakarta\authorization\jakarta.authorization-api\3.0.0-M1\jakarta.authorization-api-3.0.0-M1.jar;C:\Users\luiss\.m2\repository\jakarta\batch\jakarta.batch-api\2.1.1\jakarta.batch-api-2.1.1.jar;C:\Users\luiss\.m2\repository\org\jdom\jdom2\2.0.6\jdom2-2.0.6.jar;C:\Users\luiss\.m2\repository\org\junit\jupiter\junit-jupiter-api\5.10.2\junit-jupiter-api-5.10.2.jar;C:\Users\luiss\.m2\repository\org\opentest4j\opentest4j\1.3.0\opentest4j-1.3.0.jar;C:\Users\luiss\.m2\repository\org\junit\platform\junit-platform-commons\1.10.2\junit-platform-commons-1.10.2.jar;C:\Users\luiss\.m2\repository\org\apiguardian\apiguardian-api\1.1.2\apiguardian-api-1.1.2.jar;C:\Users\luiss\.m2\repository\org\junit\jupiter\junit-jupiter-params\5.10.2\junit-jupiter-params-5.10.2.jar;C:\Users\luiss\.m2\repository\org\junit\jupiter\junit-jupiter-engine\5.10.2\junit-jupiter-engine-5.10.2.jar;C:\Users\luiss\.m2\repository\org\junit\platform\junit-platform-engine\1.10.2\junit-platform-engine-1.10.2.jar;"/>
    <property name="sun.cpu.endian" value="little"/>
    <property name="user.home" value="C:\Users\luiss"/>
    <property name="user.language" value="es"/>
    <property name="java.specification.vendor" value="Oracle Corporation"/>
    <property name="java.version.date" value="2024-07-16"/>
    <property name="java.home" value="C:\Program Files\Java\jdk-22"/>
    <property name="file.separator" value="\"/>
    <property name="basedir" value="C:\Repositorios\Proyecto2-Programaci贸n2\TallerMecanico-Proyecto2"/>
    <property name="java.vm.compressedOopsMode" value="Zero based"/>
    <property name="line.separator" value="&#10;"/>
    <property name="java.vm.specification.vendor" value="Oracle Corporation"/>
    <property name="java.specification.name" value="Java Platform API Specification"/>
    <property name="surefire.real.class.path" value="C:\Users\luiss\AppData\Local\Temp\surefire4230118584920765231\surefirebooter-20250617160006148_3.jar"/>
    <property name="user.script" value=""/>
    <property name="sun.management.compiler" value="HotSpot 64-Bit Tiered Compilers"/>
    <property name="java.runtime.version" value="22.0.2+9-70"/>
    <property name="user.name" value="luiss"/>
    <property name="stdout.encoding" value="Cp1252"/>
    <property name="path.separator" value=";"/>
    <property name="os.version" value="10.0"/>
    <property name="java.runtime.name" value="Java(TM) SE Runtime Environment"/>
    <property name="file.encoding" value="UTF-8"/>
    <property name="java.vm.name" value="Java HotSpot(TM) 64-Bit Server VM"/>
    <property name="maven.ext.class.path" value="C:\Program Files\NetBeans-22.1\netbeans\java\maven-nblib\netbeans-eventspy.jar"/>
    <property name="localRepository" value="C:\Users\luiss\.m2\repository"/>
    <property name="java.vendor.url.bug" value="https://bugreport.java.com/bugreport/"/>
    <property name="java.io.tmpdir" value="C:\Users\luiss\AppData\Local\Temp\"/>
    <property name="java.version" value="22.0.2"/>
    <property name="user.dir" value="C:\Repositorios\Proyecto2-Programaci贸n2\TallerMecanico-Proyecto2"/>
    <property name="os.arch" value="amd64"/>
    <property name="java.vm.specification.name" value="Java Virtual Machine Specification"/>
    <property name="sun.os.patch.level" value=""/>
    <property name="native.encoding" value="Cp1252"/>
    <property name="java.library.path" value="C:\Program Files\Java\jdk-22\bin;C:\WINDOWS\Sun\Java\bin;C:\WINDOWS\system32;C:\WINDOWS;C:\Program Files\Eclipse Adoptium\jdk-21.0.6.7-hotspot\bin;C:\Program Files\Common Files\Oracle\Java\javapath;C:\Program Files (x86)\Common Files\Oracle\Java\java8path;C:\Program Files (x86)\Common Files\Oracle\Java\javapath;C:\Program Files (x86)\Common Files\Intel\Shared Libraries\redist\intel64\compiler;C:\windows\system32;C:\windows;C:\windows\System32\Wbem;C:\windows\System32\WindowsPowerShell\v1.0\;C:\windows\System32\OpenSSH\;C:\Program Files (x86)\NVIDIA Corporation\PhysX\Common;C:\WINDOWS\system32;C:\WINDOWS;C:\WINDOWS\System32\Wbem;C:\WINDOWS\System32\WindowsPowerShell\v1.0\;C:\WINDOWS\System32\OpenSSH\;C:\Program Files\dotnet\;C:\Program Files\Git\cmd;C:\Program Files\NVIDIA Corporation\NVIDIA App\NvDLISR;C:\Users\luiss\AppData\Local\Programs\Python\Launcher\;C:\Users\luiss\AppData\Local\Microsoft\WindowsApps;C:\Program Files\JetBrains\PyCharm Community Edition 2024.1.3\bin;;C:\Users\luiss\AppData\Local\GitHubDesktop\bin;C:\Users\luiss\AppData\Local\Programs\Microsoft VS Code\bin;."/>
    <property name="java.vm.info" value="mixed mode, sharing"/>
    <property name="stderr.encoding" value="Cp1252"/>
    <property name="java.vendor" value="Oracle Corporation"/>
    <property name="java.vm.version" value="22.0.2+9-70"/>
    <property name="sun.io.unicode.encoding" value="UnicodeLittle"/>
    <property name="java.class.version" value="66.0"/>
  </properties>
  <testcase name="insertar_Cliente" classname="com.mycompany.proyecto2_progra2.data.ClienteDataTest" time="0.282">
    <system-out><![CDATA[<?xml version="1.0" encoding="UTF-8"?>
<clientes><cliente id="305630588"><nombre>Luisa</nombre><primerApellido>Salas </primerApellido><segundoApellido>Thames</segundoApellido><telefono>84241194</telefono><direccion>San Francisco</direccion><email>jimenasalasthames@gmail.com</email></cliente><cliente id="123456789"><nombre>Luciana</nombre><primerApellido>Mora</primerApellido><segundoApellido>Perez</segundoApellido><telefono>123456789</telefono><direccion>San Francisco</direccion><email>luciana@gmail.com</email></cliente><cliente id="21"><nombre>Luis Carlos</nombre><primerApellido>Sibaja</primerApellido><segundoApellido>Ot谩rola</segundoApellido><telefono>56544568</telefono><direccion>Cartago, sobre carretera nacional, 275m suroeste del Pali de la Pitahaya, al frente del restaurante Chikenlover, casa 14b.</direccion><email>lu@hotmail.com</email></cliente><cliente id="21"><nombre>Luis Carlos</nombre><primerApellido>Sibaja</primerApellido><segundoApellido>Ot谩rola</segundoApellido><telefono>56544568</telefono><direccion>Cartago, sobre carretera nacional, 275m suroeste del Pali de la Pitahaya, al frente del restaurante Chikenlover, casa 14b.</direccion><email>lu@hotmail.com</email></cliente><cliente id="21"><nombre>Luis Carlos</nombre><primerApellido>Sibaja</primerApellido><segundoApellido>Ot谩rola</segundoApellido><telefono>56544568</telefono><direccion>Cartago, sobre carretera nacional, 275m suroeste del Pali de la Pitahaya, al frente del restaurante Chikenlover, casa 14b.</direccion><email>lu@hotmail.com</email></cliente><cliente id="21"><nombre>Luis Carlos</nombre><primerApellido>Sibaja</primerApellido><segundoApellido>Ot谩rola</segundoApellido><telefono>56544568</telefono><direccion>Cartago, sobre carretera nacional, 275m suroeste del Pali de la Pitahaya, al frente del restaurante Chikenlover, casa 14b.</direccion><email>lu@hotmail.com</email></cliente><cliente id="A12"><nombre>Luis</nombre><primerApellido>Sibaja</primerApellido><segundoApellido>Otarola</segundoApellido><telefono>90878908</telefono><direccion>Cartago</direccion><email>luis@gmail.com</email></cliente></clientes>
<?xml version="1.0" encoding="UTF-8"?>
<clientes><cliente id="305630588"><nombre>Luisa</nombre><primerApellido>Salas </primerApellido><segundoApellido>Thames</segundoApellido><telefono>84241194</telefono><direccion>San Francisco</direccion><email>jimenasalasthames@gmail.com</email></cliente><cliente id="123456789"><nombre>Luciana</nombre><primerApellido>Mora</primerApellido><segundoApellido>Perez</segundoApellido><telefono>123456789</telefono><direccion>San Francisco</direccion><email>luciana@gmail.com</email></cliente><cliente id="21"><nombre>Luis Carlos</nombre><primerApellido>Sibaja</primerApellido><segundoApellido>Ot谩rola</segundoApellido><telefono>56544568</telefono><direccion>Cartago, sobre carretera nacional, 275m suroeste del Pali de la Pitahaya, al frente del restaurante Chikenlover, casa 14b.</direccion><email>lu@hotmail.com</email></cliente><cliente id="21"><nombre>Luis Carlos</nombre><primerApellido>Sibaja</primerApellido><segundoApellido>Ot谩rola</segundoApellido><telefono>56544568</telefono><direccion>Cartago, sobre carretera nacional, 275m suroeste del Pali de la Pitahaya, al frente del restaurante Chikenlover, casa 14b.</direccion><email>lu@hotmail.com</email></cliente><cliente id="21"><nombre>Luis Carlos</nombre><primerApellido>Sibaja</primerApellido><segundoApellido>Ot谩rola</segundoApellido><telefono>56544568</telefono><direccion>Cartago, sobre carretera nacional, 275m suroeste del Pali de la Pitahaya, al frente del restaurante Chikenlover, casa 14b.</direccion><email>lu@hotmail.com</email></cliente><cliente id="21"><nombre>Luis Carlos</nombre><primerApellido>Sibaja</primerApellido><segundoApellido>Ot谩rola</segundoApellido><telefono>56544568</telefono><direccion>Cartago, sobre carretera nacional, 275m suroeste del Pali de la Pitahaya, al frente del restaurante Chikenlover, casa 14b.</direccion><email>lu@hotmail.com</email></cliente><cliente id="A12"><nombre>Luis</nombre><primerApellido>Sibaja</primerApellido><segundoApellido>Otarola</segundoApellido><telefono>90878908</telefono><direccion>Cartago</direccion><email>luis@gmail.com</email></cliente><cliente id="B12"><nombre>Axel</nombre><primerApellido>Ramirez</primerApellido><segundoApellido>Hernandes</segundoApellido><telefono>12312312</telefono><direccion>San Jose</direccion><email>axel@gmail.com</email></cliente></clientes>
<?xml version="1.0" encoding="UTF-8"?>
<clientes><cliente id="305630588"><nombre>Luisa</nombre><primerApellido>Salas </primerApellido><segundoApellido>Thames</segundoApellido><telefono>84241194</telefono><direccion>San Francisco</direccion><email>jimenasalasthames@gmail.com</email></cliente><cliente id="123456789"><nombre>Luciana</nombre><primerApellido>Mora</primerApellido><segundoApellido>Perez</segundoApellido><telefono>123456789</telefono><direccion>San Francisco</direccion><email>luciana@gmail.com</email></cliente><cliente id="21"><nombre>Luis Carlos</nombre><primerApellido>Sibaja</primerApellido><segundoApellido>Ot谩rola</segundoApellido><telefono>56544568</telefono><direccion>Cartago, sobre carretera nacional, 275m suroeste del Pali de la Pitahaya, al frente del restaurante Chikenlover, casa 14b.</direccion><email>lu@hotmail.com</email></cliente><cliente id="21"><nombre>Luis Carlos</nombre><primerApellido>Sibaja</primerApellido><segundoApellido>Ot谩rola</segundoApellido><telefono>56544568</telefono><direccion>Cartago, sobre carretera nacional, 275m suroeste del Pali de la Pitahaya, al frente del restaurante Chikenlover, casa 14b.</direccion><email>lu@hotmail.com</email></cliente><cliente id="21"><nombre>Luis Carlos</nombre><primerApellido>Sibaja</primerApellido><segundoApellido>Ot谩rola</segundoApellido><telefono>56544568</telefono><direccion>Cartago, sobre carretera nacional, 275m suroeste del Pali de la Pitahaya, al frente del restaurante Chikenlover, casa 14b.</direccion><email>lu@hotmail.com</email></cliente><cliente id="21"><nombre>Luis Carlos</nombre><primerApellido>Sibaja</primerApellido><segundoApellido>Ot谩rola</segundoApellido><telefono>56544568</telefono><direccion>Cartago, sobre carretera nacional, 275m suroeste del Pali de la Pitahaya, al frente del restaurante Chikenlover, casa 14b.</direccion><email>lu@hotmail.com</email></cliente><cliente id="A12"><nombre>Luis</nombre><primerApellido>Sibaja</primerApellido><segundoApellido>Otarola</segundoApellido><telefono>90878908</telefono><direccion>Cartago</direccion><email>luis@gmail.com</email></cliente><cliente id="B12"><nombre>Axel</nombre><primerApellido>Ramirez</primerApellido><segundoApellido>Hernandes</segundoApellido><telefono>12312312</telefono><direccion>San Jose</direccion><email>axel@gmail.com</email></cliente><cliente id="C12"><nombre>Maria</nombre><primerApellido>Hernandez</primerApellido><segundoApellido>Castro</segundoApellido><telefono>12365323</telefono><direccion>Alajuela</direccion><email>maria@gmail.com</email></cliente></clientes>
Cliente{id=305630588, nombre=Luisa, primerApellido=Salas , segundoApellido=Thames, direccion=San Francisco, email=jimenasalasthames@gmail.com, telefono=84241194}
Cliente{id=123456789, nombre=Luciana, primerApellido=Mora, segundoApellido=Perez, direccion=San Francisco, email=luciana@gmail.com, telefono=123456789}
Cliente{id=21, nombre=Luis Carlos, primerApellido=Sibaja, segundoApellido=Ot谩rola, direccion=Cartago, sobre carretera nacional, 275m suroeste del Pali de la Pitahaya, al frente del restaurante Chikenlover, casa 14b., email=lu@hotmail.com, telefono=56544568}
Cliente{id=21, nombre=Luis Carlos, primerApellido=Sibaja, segundoApellido=Ot谩rola, direccion=Cartago, sobre carretera nacional, 275m suroeste del Pali de la Pitahaya, al frente del restaurante Chikenlover, casa 14b., email=lu@hotmail.com, telefono=56544568}
Cliente{id=21, nombre=Luis Carlos, primerApellido=Sibaja, segundoApellido=Ot谩rola, direccion=Cartago, sobre carretera nacional, 275m suroeste del Pali de la Pitahaya, al frente del restaurante Chikenlover, casa 14b., email=lu@hotmail.com, telefono=56544568}
Cliente{id=21, nombre=Luis Carlos, primerApellido=Sibaja, segundoApellido=Ot谩rola, direccion=Cartago, sobre carretera nacional, 275m suroeste del Pali de la Pitahaya, al frente del restaurante Chikenlover, casa 14b., email=lu@hotmail.com, telefono=56544568}
Cliente{id=A12, nombre=Luis, primerApellido=Sibaja, segundoApellido=Otarola, direccion=Cartago, email=luis@gmail.com, telefono=90878908}
Cliente{id=B12, nombre=Axel, primerApellido=Ramirez, segundoApellido=Hernandes, direccion=San Jose, email=axel@gmail.com, telefono=12312312}
Cliente{id=C12, nombre=Maria, primerApellido=Hernandez, segundoApellido=Castro, direccion=Alajuela, email=maria@gmail.com, telefono=12365323}
]]></system-out>
  </testcase>
</testsuite>